[INFO] Scanning for projects...
[INFO] 
[INFO] ----------------< org.example:Projekt-Arbete-Webserver >----------------
[INFO] Building Projekt-Arbete-Webserver 0.0.1-SNAPSHOT
[INFO]   from pom.xml
[INFO] --------------------------------[ jar ]---------------------------------
[INFO] 
[INFO] >>> spring-boot:3.4.3:run (default-cli) > test-compile @ Projekt-Arbete-Webserver >>>
[INFO] 
[INFO] --- resources:3.3.1:resources (default-resources) @ Projekt-Arbete-Webserver ---
[INFO] Copying 1 resource from src\main\resources to target\classes
[INFO] Copying 40 resources from src\main\resources to target\classes
[INFO] 
[INFO] --- compiler:3.13.0:compile (default-compile) @ Projekt-Arbete-Webserver ---
[INFO] Nothing to compile - all classes are up to date.
[INFO] 
[INFO] --- resources:3.3.1:testResources (default-testResources) @ Projekt-Arbete-Webserver ---
[INFO] Copying 2 resources from src\test\resources to target\test-classes
[INFO] 
[INFO] --- compiler:3.13.0:testCompile (default-testCompile) @ Projekt-Arbete-Webserver ---
[INFO] Nothing to compile - all classes are up to date.
[INFO] 
[INFO] <<< spring-boot:3.4.3:run (default-cli) < test-compile @ Projekt-Arbete-Webserver <<<
[INFO] 
[INFO] 
[INFO] --- spring-boot:3.4.3:run (default-cli) @ Projekt-Arbete-Webserver ---
[INFO] Attaching agents: []

  .   ____          _            __ _ _
 /\\ / ___'_ __ _ _(_)_ __  __ _ \ \ \ \
( ( )\___ | '_ | '_| | '_ \/ _` | \ \ \ \
 \\/  ___)| |_)| | | | | || (_| |  ) ) ) )
  '  |____| .__|_| |_|_| |_\__, | / / / /
 =========|_|==============|___/=/_/_/_/

 :: Spring Boot ::                (v3.4.3)

2026-03-05T14:29:40.659+01:00  INFO 5740 --- [Projekt-Arbete-Webserver] [  restartedMain] o.e.p.ProjektArbeteWebserverApplication  : Starting ProjektArbeteWebserverApplication using Java 25.0.1 with PID 5740 (C:\Users\Mats\Desktop\Coding Projects\Java Coding Projects\Project-001\Projekt-Arbete-Webserver\target\classes started by Mats in C:\Users\Mats\Desktop\Coding Projects\Java Coding Projects\Project-001\Projekt-Arbete-Webserver)
2026-03-05T14:29:40.662+01:00  INFO 5740 --- [Projekt-Arbete-Webserver] [  restartedMain] o.e.p.ProjektArbeteWebserverApplication  : No active profile set, falling back to 1 default profile: "default"
2026-03-05T14:29:40.689+01:00  INFO 5740 --- [Projekt-Arbete-Webserver] [  restartedMain] .e.DevToolsPropertyDefaultsPostProcessor : Devtools property defaults active! Set 'spring.devtools.add-properties' to 'false' to disable
2026-03-05T14:29:40.689+01:00  INFO 5740 --- [Projekt-Arbete-Webserver] [  restartedMain] .e.DevToolsPropertyDefaultsPostProcessor : For additional web related logging consider setting the 'logging.level.web' property to 'DEBUG'
2026-03-05T14:29:41.090+01:00  INFO 5740 --- [Projekt-Arbete-Webserver] [  restartedMain] .s.d.r.c.RepositoryConfigurationDelegate : Bootstrapping Spring Data JPA repositories in DEFAULT mode.
2026-03-05T14:29:41.138+01:00  INFO 5740 --- [Projekt-Arbete-Webserver] [  restartedMain] .s.d.r.c.RepositoryConfigurationDelegate : Finished Spring Data repository scanning in 37 ms. Found 2 JPA repository interfaces.
WARNING: A restricted method in java.lang.System has been called
WARNING: java.lang.System::load has been called by org.apache.tomcat.jni.Library in an unnamed module (file:/C:/Users/Mats/.m2/repository/org/apache/tomcat/embed/tomcat-embed-core/10.1.36/tomcat-embed-core-10.1.36.jar)
WARNING: Use --enable-native-access=ALL-UNNAMED to avoid a warning for callers in this module
WARNING: Restricted methods will be blocked in a future release unless native access is enabled

2026-03-05T14:29:41.546+01:00  INFO 5740 --- [Projekt-Arbete-Webserver] [  restartedMain] o.s.b.w.embedded.tomcat.TomcatWebServer  : Tomcat initialized with port 8080 (http)
2026-03-05T14:29:41.554+01:00  INFO 5740 --- [Projekt-Arbete-Webserver] [  restartedMain] o.apache.catalina.core.StandardService   : Starting service [Tomcat]
2026-03-05T14:29:41.554+01:00  INFO 5740 --- [Projekt-Arbete-Webserver] [  restartedMain] o.apache.catalina.core.StandardEngine    : Starting Servlet engine: [Apache Tomcat/10.1.36]
2026-03-05T14:29:41.584+01:00  INFO 5740 --- [Projekt-Arbete-Webserver] [  restartedMain] o.a.c.c.C.[Tomcat].[localhost].[/]       : Initializing Spring embedded WebApplicationContext
2026-03-05T14:29:41.584+01:00  INFO 5740 --- [Projekt-Arbete-Webserver] [  restartedMain] w.s.c.ServletWebServerApplicationContext : Root WebApplicationContext: initialization completed in 895 ms
2026-03-05T14:29:41.734+01:00  INFO 5740 --- [Projekt-Arbete-Webserver] [  restartedMain] com.zaxxer.hikari.HikariDataSource       : HikariPool-1 - Starting...
2026-03-05T14:29:41.829+01:00  INFO 5740 --- [Projekt-Arbete-Webserver] [  restartedMain] com.zaxxer.hikari.pool.HikariPool        : HikariPool-1 - Added connection org.postgresql.jdbc.PgConnection@3d6ce344
2026-03-05T14:29:41.830+01:00  INFO 5740 --- [Projekt-Arbete-Webserver] [  restartedMain] com.zaxxer.hikari.HikariDataSource       : HikariPool-1 - Start completed.
2026-03-05T14:29:41.847+01:00  INFO 5740 --- [Projekt-Arbete-Webserver] [  restartedMain] org.flywaydb.core.FlywayExecutor         : Database: jdbc:postgresql://localhost:5432/snippet_db (PostgreSQL 15.17)
2026-03-05T14:29:41.897+01:00  INFO 5740 --- [Projekt-Arbete-Webserver] [  restartedMain] o.f.core.internal.command.DbValidate     : Successfully validated 28 migrations (execution time 00:00.028s)
2026-03-05T14:29:41.929+01:00  INFO 5740 --- [Projekt-Arbete-Webserver] [  restartedMain] o.f.core.internal.command.DbMigrate      : Current version of schema "public": 14
2026-03-05T14:29:41.939+01:00  INFO 5740 --- [Projekt-Arbete-Webserver] [  restartedMain] o.f.core.internal.command.DbMigrate      : Migrating schema "public" to version "15 - Import Rust Snippets"
2026-03-05T14:29:41.966+01:00  INFO 5740 --- [Projekt-Arbete-Webserver] [  restartedMain] o.f.core.internal.command.DbMigrate      : Migrating schema "public" to version "16 - Import CSharp Snippets"
2026-03-05T14:29:41.984+01:00  INFO 5740 --- [Projekt-Arbete-Webserver] [  restartedMain] o.f.core.internal.command.DbMigrate      : Migrating schema "public" to version "17 - Import C Snippets"
2026-03-05T14:29:42.002+01:00  INFO 5740 --- [Projekt-Arbete-Webserver] [  restartedMain] o.f.core.internal.command.DbMigrate      : Migrating schema "public" to version "18 - Import CPP Snippets"
2026-03-05T14:29:42.021+01:00  INFO 5740 --- [Projekt-Arbete-Webserver] [  restartedMain] o.f.core.internal.command.DbMigrate      : Migrating schema "public" to version "19 - Import Kotlin Snippets"
2026-03-05T14:29:42.037+01:00  INFO 5740 --- [Projekt-Arbete-Webserver] [  restartedMain] o.f.core.internal.command.DbMigrate      : Migrating schema "public" to version "20 - Import Swift Snippets"
2026-03-05T14:29:42.053+01:00  INFO 5740 --- [Projekt-Arbete-Webserver] [  restartedMain] o.f.core.internal.command.DbMigrate      : Migrating schema "public" to version "21 - Import SQL Snippets"
2026-03-05T14:29:42.069+01:00  INFO 5740 --- [Projekt-Arbete-Webserver] [  restartedMain] o.f.core.internal.command.DbMigrate      : Migrating schema "public" to version "22 - Import PostgreSQL Snippets"
2026-03-05T14:29:42.084+01:00  INFO 5740 --- [Projekt-Arbete-Webserver] [  restartedMain] o.f.core.internal.command.DbMigrate      : Migrating schema "public" to version "23 - Import MongoDB Snippets"
2026-03-05T14:29:42.104+01:00  INFO 5740 --- [Projekt-Arbete-Webserver] [  restartedMain] o.f.core.internal.command.DbMigrate      : Migrating schema "public" to version "24 - Import Docker Snippets"
2026-03-05T14:29:42.119+01:00  INFO 5740 --- [Projekt-Arbete-Webserver] [  restartedMain] o.f.core.internal.command.DbMigrate      : Migrating schema "public" to version "25 - Import Bash Snippets"
2026-03-05T14:29:42.134+01:00  INFO 5740 --- [Projekt-Arbete-Webserver] [  restartedMain] o.f.core.internal.command.DbMigrate      : Migrating schema "public" to version "26 - Import Viral Advanced Snippets"
2026-03-05T14:29:42.150+01:00  INFO 5740 --- [Projekt-Arbete-Webserver] [  restartedMain] o.f.core.internal.command.DbMigrate      : Successfully applied 12 migrations to schema "public", now at version v26 (execution time 00:00.072s)
2026-03-05T14:29:42.212+01:00  INFO 5740 --- [Projekt-Arbete-Webserver] [  restartedMain] o.hibernate.jpa.internal.util.LogHelper  : HHH000204: Processing PersistenceUnitInfo [name: default]
2026-03-05T14:29:42.243+01:00  INFO 5740 --- [Projekt-Arbete-Webserver] [  restartedMain] org.hibernate.Version                    : HHH000412: Hibernate ORM core version 6.6.8.Final
2026-03-05T14:29:42.263+01:00  INFO 5740 --- [Projekt-Arbete-Webserver] [  restartedMain] o.h.c.internal.RegionFactoryInitiator    : HHH000026: Second-level cache disabled
2026-03-05T14:29:42.420+01:00  INFO 5740 --- [Projekt-Arbete-Webserver] [  restartedMain] o.s.o.j.p.SpringPersistenceUnitInfo      : No LoadTimeWeaver setup: ignoring JPA class transformer
2026-03-05T14:29:42.452+01:00  WARN 5740 --- [Projekt-Arbete-Webserver] [  restartedMain] org.hibernate.orm.deprecation            : HHH90000025: PostgreSQLDialect does not need to be specified explicitly using 'hibernate.dialect' (remove the property setting and it will be selected by default)
2026-03-05T14:29:42.460+01:00  INFO 5740 --- [Projekt-Arbete-Webserver] [  restartedMain] org.hibernate.orm.connections.pooling    : HHH10001005: Database info:
	Database JDBC URL [Connecting through datasource 'HikariDataSource (HikariPool-1)']
	Database driver: undefined/unknown
	Database version: 15.17
	Autocommit mode: undefined/unknown
	Isolation level: undefined/unknown
	Minimum pool size: undefined/unknown
	Maximum pool size: undefined/unknown
2026-03-05T14:29:43.017+01:00  INFO 5740 --- [Projekt-Arbete-Webserver] [  restartedMain] o.h.e.t.j.p.i.JtaPlatformInitiator       : HHH000489: No JTA platform available (set 'hibernate.transaction.jta.platform' to enable JTA platform integration)
2026-03-05T14:29:43.023+01:00  INFO 5740 --- [Projekt-Arbete-Webserver] [  restartedMain] j.LocalContainerEntityManagerFactoryBean : Initialized JPA EntityManagerFactory for persistence unit 'default'
2026-03-05T14:29:43.282+01:00  INFO 5740 --- [Projekt-Arbete-Webserver] [  restartedMain] eAuthenticationProviderManagerConfigurer : Global AuthenticationManager configured with AuthenticationProvider bean with name authenticationProvider
2026-03-05T14:29:43.287+01:00  WARN 5740 --- [Projekt-Arbete-Webserver] [  restartedMain] r$InitializeUserDetailsManagerConfigurer : Global AuthenticationManager configured with an AuthenticationProvider bean. UserDetailsService beans will not be used by Spring Security for automatically configuring username/password login. Consider removing the AuthenticationProvider bean. Alternatively, consider using the UserDetailsService in a manually instantiated DaoAuthenticationProvider. If the current configuration is intentional, to turn off this warning, increase the logging level of 'org.springframework.security.config.annotation.authentication.configuration.InitializeUserDetailsBeanManagerConfigurer' to ERROR
2026-03-05T14:29:43.314+01:00  INFO 5740 --- [Projekt-Arbete-Webserver] [  restartedMain] o.s.d.j.r.query.QueryEnhancerFactory     : Hibernate is in classpath; If applicable, HQL parser will be used.
2026-03-05T14:29:44.120+01:00  WARN 5740 --- [Projekt-Arbete-Webserver] [  restartedMain] JpaBaseConfiguration$JpaWebConfiguration : spring.jpa.open-in-view is enabled by default. Therefore, database queries may be performed during view rendering. Explicitly configure spring.jpa.open-in-view to disable this warning
2026-03-05T14:29:44.175+01:00  INFO 5740 --- [Projekt-Arbete-Webserver] [  restartedMain] o.s.b.a.w.s.WelcomePageHandlerMapping    : Adding welcome page: class path resource [static/index.html]
2026-03-05T14:29:44.478+01:00  INFO 5740 --- [Projekt-Arbete-Webserver] [  restartedMain] o.s.b.d.a.OptionalLiveReloadServer       : LiveReload server is running on port 35729
2026-03-05T14:29:44.500+01:00  INFO 5740 --- [Projekt-Arbete-Webserver] [  restartedMain] o.s.b.w.embedded.tomcat.TomcatWebServer  : Tomcat started on port 8080 (http) with context path '/'
2026-03-05T14:29:44.505+01:00  INFO 5740 --- [Projekt-Arbete-Webserver] [  restartedMain] o.e.p.ProjektArbeteWebserverApplication  : Started ProjektArbeteWebserverApplication in 4.087 seconds (process running for 4.348)
